<?xml version="1.0" encoding="UTF-8"?>
<!-- Generated by org.testng.reporters.JUnitXMLReporter -->
<testsuite ignored="0" hostname="Mohits-Air.fritz.box" failures="0" tests="3" name="Test" time="97.76" errors="0" timestamp="2023-02-16T22:27:43 CET">
  <testcase classname="regressionTestcases.UI_TC1_Filters" name="TC1" time="11.413"/>
  <testcase classname="regressionTestcases.UI_TC2_Sorting" name="TC2" time="14.613"/>
  <testcase classname="regressionTestcases.UI_TC3_CTA_Download" name="TC3" time="15.03"/>
</testsuite> <!-- Test -->
