<?xml version="1.0" encoding="UTF-8"?>
<testsuite xmlns:xsi="http://www.w3.org/2001/XMLSchema-instance" xsi:noNamespaceSchemaLocation="https://maven.apache.org/surefire/maven-surefire-plugin/xsd/surefire-test-report-3.0.xsd" version="3.0" name="TestSuite" time="99.037" tests="3" errors="0" skipped="0" failures="0">
  <properties>
[...]
</properties>
  <testcase name="TC1" classname="regressionTestcases.UI_TC1_Filters" time="11.383">
    <system-out><![CDATA[3 filters applied
Departs in March 2023
no of tours is 14
max tour length should be 10
10
10
10
8
9
10
no of tours is 3
max tour length should be 10
9
10
9
no of tours is 3
Spain, France, Switzerland, Italy
Italy, Germany, Netherlands, Belgium, France, Spain
Spain, France, Monaco, Italy, Vatican City (Holy See)
TC1 executed successfully
]]></system-out>
    <system-err><![CDATA[[main] INFO io.github.bonigarcia.wdm.WebDriverManager - Using chromedriver 110.0.5481.77 (resolved driver for Chrome 110)
[main] INFO io.github.bonigarcia.wdm.WebDriverManager - Reading https://chromedriver.storage.googleapis.com/ to seek chromedriver
[main] INFO io.github.bonigarcia.wdm.online.Downloader - Downloading https://chromedriver.storage.googleapis.com/110.0.5481.77/chromedriver_mac64.zip
[main] INFO io.github.bonigarcia.wdm.online.Downloader - Extracting driver from compressed file chromedriver_mac64.zip
[main] INFO io.github.bonigarcia.wdm.WebDriverManager - Exporting webdriver.chrome.driver as /Users/mohitgulati/.cache/selenium/chromedriver/mac64/110.0.5481.77/chromedriver
Starting ChromeDriver 110.0.5481.77 (65ed616c6e8ee3fe0ad64fe83796c020644d42af-refs/branch-heads/5481@{#839}) on port 12257
Only local connections are allowed.
Please see https://chromedriver.chromium.org/security-considerations for suggestions on keeping ChromeDriver safe.
ChromeDriver was started successfully.
[1676582783.118][WARNING]: virtual void DevToolsClientImpl::AddListener(DevToolsEventListener *) subscribing a listener to the already connected DevToolsClient. Connection notification will not arrive.
Feb 16, 2023 10:26:23 PM org.openqa.selenium.devtools.CdpVersionFinder findNearestMatch
WARNING: Unable to find an exact match for CDP version 110, so returning the closest version found: 108
]]></system-err>
  </testcase>
  <testcase name="TC2" classname="regressionTestcases.UI_TC2_Sorting" time="14.593">
    <system-out><![CDATA[3 filters applied
Departs in March 2023
no of tours is 14
max tour length should be 10
8
8
9
9
9
9
10
10
10
10
10
10
10
10
no of tours is 14
max tour length should be 10
8
8
9
9
9
9
10
10
10
10
10
10
10
10
no of tours is 14
Italy, Switzerland, France, England
England, France, Switzerland, Italy, Vatican City (Holy See)
Spain, France, Switzerland, Italy
England, France, Netherlands, Germany, Austria, Italy, Switzerland
Spain, France, Monaco, Italy, Vatican City (Holy See)
Paris, Rome
Italy, Austria, Germany, Netherlands, Belgium, France, Switzerland
England, France, Switzerland, Italy, Vatican City (Holy See)
Italy, Vatican City (Holy See), Switzerland, France, England
Italy, Switzerland, France
Italy, Switzerland, France, England
Italy, Switzerland, France
Italy, Switzerland, Germany, Luxembourg, France, Belgium, Netherlands
Italy, Germany, Netherlands, Belgium, France, Spain
no of tours is 14
8
8
9
9
9
9
10
10
10
10
10
10
10
Departs in March 2023
no of tours is 14
max tour length should be 10
8
8
9
9
9
9
10
10
10
10
10
10
10
10
no of tours is 14
max tour length should be 10
8
8
9
9
9
9
10
10
10
10
10
10
10
10
no of tours is 10
145
31
14
14
9
6
3
3
2
no of tours is 10
145
31
14
14
9
6
3
3
2
TC2 executed successfully
]]></system-out>
    <system-err><![CDATA[[main] INFO io.github.bonigarcia.wdm.WebDriverManager - Using chromedriver 110.0.5481.77 (resolved driver for Chrome 110)
[main] INFO io.github.bonigarcia.wdm.WebDriverManager - Exporting webdriver.chrome.driver as /Users/mohitgulati/.cache/selenium/chromedriver/mac64/110.0.5481.77/chromedriver
Starting ChromeDriver 110.0.5481.77 (65ed616c6e8ee3fe0ad64fe83796c020644d42af-refs/branch-heads/5481@{#839}) on port 7276
Only local connections are allowed.
Please see https://chromedriver.chromium.org/security-considerations for suggestions on keeping ChromeDriver safe.
ChromeDriver was started successfully.
[1676582809.822][WARNING]: virtual void DevToolsClientImpl::AddListener(DevToolsEventListener *) subscribing a listener to the already connected DevToolsClient. Connection notification will not arrive.
Feb 16, 2023 10:26:50 PM org.openqa.selenium.devtools.CdpVersionFinder findNearestMatch
WARNING: Unable to find an exact match for CDP version 110, so returning the closest version found: 108
]]></system-err>
  </testcase>
  <testcase name="TC3" classname="regressionTestcases.UI_TC3_CTA_Download" time="15.028">
    <system-out><![CDATA[3 filters applied
Download Brochure
We’ve sent the ‘Spain, Switzerland and Rome’ brochure to test123@abc.com. Check your inbox!
TC3 executed successfully
]]></system-out>
    <system-err><![CDATA[[main] INFO io.github.bonigarcia.wdm.WebDriverManager - Using chromedriver 110.0.5481.77 (resolved driver for Chrome 110)
[main] INFO io.github.bonigarcia.wdm.WebDriverManager - Exporting webdriver.chrome.driver as /Users/mohitgulati/.cache/selenium/chromedriver/mac64/110.0.5481.77/chromedriver
Starting ChromeDriver 110.0.5481.77 (65ed616c6e8ee3fe0ad64fe83796c020644d42af-refs/branch-heads/5481@{#839}) on port 26479
Only local connections are allowed.
Please see https://chromedriver.chromium.org/security-considerations for suggestions on keeping ChromeDriver safe.
ChromeDriver was started successfully.
[1676582838.725][WARNING]: virtual void DevToolsClientImpl::AddListener(DevToolsEventListener *) subscribing a listener to the already connected DevToolsClient. Connection notification will not arrive.
Feb 16, 2023 10:27:18 PM org.openqa.selenium.devtools.CdpVersionFinder findNearestMatch
WARNING: Unable to find an exact match for CDP version 110, so returning the closest version found: 108
]]></system-err>
  </testcase>
</testsuite>